<?xml version="1.0" encoding="UTF-8"?>
<testsuite xmlns:xsi="http://www.w3.org/2001/XMLSchema-instance" xsi:noNamespaceSchemaLocation="https://maven.apache.org/surefire/maven-surefire-plugin/xsd/surefire-test-report-3.0.xsd" version="3.0" name="cn.geekslife.designpattern.singleton.SingletonTest" time="0.047" tests="11" errors="0" skipped="0" failures="0">
  <properties>
[...]
</properties>
  <testcase name="testPerformance" classname="cn.geekslife.designpattern.singleton.SingletonTest" time="0.012">
    <system-out><![CDATA[饿汉式单例耗时: 4038250 ns
双重检查锁定单例耗时: 3940625 ns
静态内部类单例耗时: 3050500 ns
]]></system-out>
  </testcase>
  <testcase name="testLazySingleton" classname="cn.geekslife.designpattern.singleton.SingletonTest" time="0.001">
    <system-out><![CDATA[懒汉式单例执行业务逻辑
]]></system-out>
  </testcase>
  <testcase name="testStaticInnerClassSingletonInMultiThread" classname="cn.geekslife.designpattern.singleton.SingletonTest" time="0.007"/>
  <testcase name="testThreadSafeLazySingleton" classname="cn.geekslife.designpattern.singleton.SingletonTest" time="0.001">
    <system-out><![CDATA[线程安全懒汉式单例执行业务逻辑
]]></system-out>
  </testcase>
  <testcase name="testEagerSingleton" classname="cn.geekslife.designpattern.singleton.SingletonTest" time="0.001">
    <system-out><![CDATA[饿汉式单例执行业务逻辑
]]></system-out>
  </testcase>
  <testcase name="testEnumSingleton" classname="cn.geekslife.designpattern.singleton.SingletonTest" time="0">
    <system-out><![CDATA[枚举单例执行业务逻辑
枚举单例执行其他业务逻辑
]]></system-out>
  </testcase>
  <testcase name="testSerializationProtection" classname="cn.geekslife.designpattern.singleton.SingletonTest" time="0.013"/>
  <testcase name="testDoubleCheckedLockingSingleton" classname="cn.geekslife.designpattern.singleton.SingletonTest" time="0">
    <system-out><![CDATA[双重检查锁定单例执行业务逻辑
]]></system-out>
  </testcase>
  <testcase name="testDoubleCheckedLockingSingletonInMultiThread" classname="cn.geekslife.designpattern.singleton.SingletonTest" time="0.006"/>
  <testcase name="testStaticInnerClassSingleton" classname="cn.geekslife.designpattern.singleton.SingletonTest" time="0">
    <system-out><![CDATA[静态内部类单例执行业务逻辑
]]></system-out>
  </testcase>
  <testcase name="testReflectionAttackProtection" classname="cn.geekslife.designpattern.singleton.SingletonTest" time="0.001"/>
</testsuite>